<?xml version="1.0" encoding="UTF-8"?>
<!-- Generated by org.testng.reporters.JUnitXMLReporter -->
<testsuite hostname="MSI" ignored="2" name="Default test" tests="1" failures="0" timestamp="2023-07-08T18:42:14 ICT" time="27.224" errors="0">
  <testcase name="addclient_nullcompany" time="13.346" classname="automation.testsuite.ThaoNguyen.ClientTest"/>
  <testcase name="addclient" time="0.0" classname="automation.testsuite.ThaoNguyen.ClientTest">
    <ignored/>
  </testcase> <!-- addclient -->
  <testcase name="addclientSucess" time="0.0" classname="automation.testsuite.ThaoNguyen.ClientTest">
    <ignored/>
  </testcase> <!-- addclientSucess -->
</testsuite> <!-- Default test -->
