<?xml version="1.0" encoding="UTF-8"?>
<!-- Generated by org.testng.reporters.JUnitXMLReporter -->
<testsuite ignored="0" hostname="MSI" failures="0" tests="2" name="Default test" time="45.447" errors="0" timestamp="2023-07-23T19:55:30 ICT">
  <testcase classname="automation.testsuite.ThaoNguyen.SearchFlights_test" name="Search_oneway" time="19.786"/>
  <testcase classname="automation.testsuite.ThaoNguyen.SearchFlights_test" name="Search_roundtrip" time="23.071"/>
</testsuite> <!-- Default test -->
