<?xml version="1.0" encoding="UTF-8"?>
<testng-results ignored="0" total="2" passed="2" failed="0" skipped="0">
  <reporter-output>
  </reporter-output>
  <suite started-at="2023-07-23T19:54:45 ICT" name="Default suite" finished-at="2023-07-23T19:55:30 ICT" duration-ms="45447">
    <groups>
    </groups>
    <test started-at="2023-07-23T19:54:45 ICT" name="Default test" finished-at="2023-07-23T19:55:30 ICT" duration-ms="45447">
      <class name="automation.testsuite.ThaoNguyen.SearchFlights_test">
        <test-method is-config="true" signature="openSystemUnderTest()[pri:0, instance:automation.testsuite.ThaoNguyen.SearchFlights_test@609e8838]" started-at="2023-07-23T19:54:45 ICT" name="openSystemUnderTest" finished-at="2023-07-23T19:54:47 ICT" duration-ms="2557" status="PASS">
          <reporter-output>
          </reporter-output>
        </test-method> <!-- openSystemUnderTest -->
        <test-method signature="Search_oneway()[pri:0, instance:automation.testsuite.ThaoNguyen.SearchFlights_test@609e8838]" started-at="2023-07-23T19:54:48 ICT" name="Search_oneway" finished-at="2023-07-23T19:55:07 ICT" duration-ms="19786" status="PASS">
          <reporter-output>
          </reporter-output>
        </test-method> <!-- Search_oneway -->
        <test-method signature="Search_roundtrip()[pri:0, instance:automation.testsuite.ThaoNguyen.SearchFlights_test@609e8838]" started-at="2023-07-23T19:55:07 ICT" name="Search_roundtrip" finished-at="2023-07-23T19:55:30 ICT" duration-ms="23071" status="PASS">
          <reporter-output>
          </reporter-output>
        </test-method> <!-- Search_roundtrip -->
        <test-method is-config="true" signature="closeBrowTest()[pri:0, instance:automation.testsuite.ThaoNguyen.SearchFlights_test@609e8838]" started-at="2023-07-23T19:55:30 ICT" name="closeBrowTest" finished-at="2023-07-23T19:55:30 ICT" duration-ms="9" status="PASS">
          <reporter-output>
          </reporter-output>
        </test-method> <!-- closeBrowTest -->
      </class> <!-- automation.testsuite.ThaoNguyen.SearchFlights_test -->
    </test> <!-- Default test -->
  </suite> <!-- Default suite -->
</testng-results>
