<?xml version="1.0" encoding="UTF-8"?>
<testng-results skipped="0" failed="0" ignored="2" total="3" passed="1">
  <reporter-output>
  </reporter-output>
  <suite name="Default suite" duration-ms="27224" started-at="2023-07-08T18:41:47 ICT" finished-at="2023-07-08T18:42:14 ICT">
    <groups>
    </groups>
    <test name="Default test" duration-ms="27224" started-at="2023-07-08T18:41:47 ICT" finished-at="2023-07-08T18:42:14 ICT">
      <class name="automation.testsuite.ThaoNguyen.ClientTest">
        <test-method status="PASS" signature="openchromeDriver()[pri:0, instance:automation.testsuite.ThaoNguyen.ClientTest@221af3c0]" name="openchromeDriver" is-config="true" duration-ms="13627" started-at="2023-07-08T18:41:47 ICT" finished-at="2023-07-08T18:42:00 ICT">
          <reporter-output>
          </reporter-output>
        </test-method> <!-- openchromeDriver -->
        <test-method status="PASS" signature="addclient_nullcompany()[pri:0, instance:automation.testsuite.ThaoNguyen.ClientTest@221af3c0]" name="addclient_nullcompany" duration-ms="13346" started-at="2023-07-08T18:42:00 ICT" finished-at="2023-07-08T18:42:14 ICT">
          <reporter-output>
          </reporter-output>
        </test-method> <!-- addclient_nullcompany -->
        <test-method status="PASS" signature="closechromeDriver()[pri:0, instance:automation.testsuite.ThaoNguyen.ClientTest@221af3c0]" name="closechromeDriver" is-config="true" duration-ms="210" started-at="2023-07-08T18:42:14 ICT" finished-at="2023-07-08T18:42:14 ICT">
          <reporter-output>
          </reporter-output>
        </test-method> <!-- closechromeDriver -->
      </class> <!-- automation.testsuite.ThaoNguyen.ClientTest -->
    </test> <!-- Default test -->
  </suite> <!-- Default suite -->
</testng-results>
